<?xml version="1.0" encoding="UTF-8"?>
<testsuite xmlns:xsi="http://www.w3.org/2001/XMLSchema-instance" xsi:noNamespaceSchemaLocation="https://maven.apache.org/surefire/maven-surefire-plugin/xsd/surefire-test-report.xsd" name="com.fifteenrubles.pollsApp.UserControllerTest" time="11.92" tests="17" errors="0" skipped="0" failures="0">
  <properties>
[...]
</properties>
  <testcase name="findUserExceptionTest" classname="com.fifteenrubles.pollsApp.UserControllerTest" time="0.089"/>
  <testcase name="getSelfUserTest" classname="com.fifteenrubles.pollsApp.UserControllerTest" time="0.052"/>
  <testcase name="addUserTest" classname="com.fifteenrubles.pollsApp.UserControllerTest" time="0.138"/>
  <testcase name="updateUserAllowedPollsAlreadyAllowedToPollExceptionTest" classname="com.fifteenrubles.pollsApp.UserControllerTest" time="0.085"/>
  <testcase name="updateSelfUserExceptionTest" classname="com.fifteenrubles.pollsApp.UserControllerTest" time="0.071"/>
  <testcase name="updateUserAllowedPollsTest2" classname="com.fifteenrubles.pollsApp.UserControllerTest" time="0.088"/>
  <testcase name="deleteUserExceptionTest" classname="com.fifteenrubles.pollsApp.UserControllerTest" time="0.052"/>
  <testcase name="findUserTest" classname="com.fifteenrubles.pollsApp.UserControllerTest" time="0.051"/>
  <testcase name="updateUserAllowedPollsDontOwnPollExceptionTest" classname="com.fifteenrubles.pollsApp.UserControllerTest" time="0.056"/>
  <testcase name="updateUserAllowedPollsTest" classname="com.fifteenrubles.pollsApp.UserControllerTest" time="0.078"/>
  <testcase name="registrationTest" classname="com.fifteenrubles.pollsApp.UserControllerTest" time="0.116"/>
  <testcase name="updateSelfUserTest" classname="com.fifteenrubles.pollsApp.UserControllerTest" time="0.139"/>
  <testcase name="updateUserTest" classname="com.fifteenrubles.pollsApp.UserControllerTest" time="0.133"/>
  <testcase name="addUserExceptionTest" classname="com.fifteenrubles.pollsApp.UserControllerTest" time="0.062"/>
  <testcase name="allUsersTest" classname="com.fifteenrubles.pollsApp.UserControllerTest" time="0.047"/>
  <testcase name="deleteUserTest" classname="com.fifteenrubles.pollsApp.UserControllerTest" time="0.047"/>
  <testcase name="updateUserAllowedPollsAlreadyDontAllowedToPollExceptionTest" classname="com.fifteenrubles.pollsApp.UserControllerTest" time="0.056"/>
</testsuite>